Device: cpu
Algorithm: TRPO
/home/smaug/Documents/MASTER/ReinforcementLearning/maml-rl/.venv/lib/python3.12/site-packages/gymnasium/spaces/box.py:236: UserWarning: [33mWARN: Box low's precision lowered by casting to float32, current low.dtype=float64[0m
  gym.logger.warn(
/home/smaug/Documents/MASTER/ReinforcementLearning/maml-rl/.venv/lib/python3.12/site-packages/gymnasium/spaces/box.py:306: UserWarning: [33mWARN: Box high's precision lowered by casting to float32, current high.dtype=float64[0m
  gym.logger.warn(
[iter 1] loss=511.084 rew_support=-18.112 rew_query=-15.223 kl=0.0012
[iter 2] loss=310.489 rew_support=-18.227 rew_query=-15.434 kl=0.0013
[iter 3] loss=175.106 rew_support=-18.244 rew_query=-15.270 kl=0.0005
[iter 4] loss=87.926 rew_support=-18.342 rew_query=-15.219 kl=0.0015
[iter 5] loss=35.689 rew_support=-18.287 rew_query=-15.577 kl=0.0029
[iter 6] loss=9.347 rew_support=-18.381 rew_query=-15.340 kl=0.0037
[iter 7] loss=-15.424 rew_support=-18.257 rew_query=-15.467 kl=0.0048
[iter 8] loss=-21.745 rew_support=-18.257 rew_query=-15.239 kl=0.0044
[iter 9] loss=-29.070 rew_support=-18.259 rew_query=-15.436 kl=0.0070
[iter 10] loss=-34.614 rew_support=-18.221 rew_query=-15.377 kl=0.0093
[iter 11] loss=-34.030 rew_support=-18.274 rew_query=-15.096 kl=0.0061
[iter 12] loss=-29.931 rew_support=-18.253 rew_query=-15.731 kl=0.0090
[iter 13] loss=-28.593 rew_support=-18.225 rew_query=-15.616 kl=0.0103
[iter 14] loss=-13.662 rew_support=-18.337 rew_query=-14.961 kl=0.0097
[iter 15] loss=-19.650 rew_support=-18.299 rew_query=-15.382 kl=0.0074
[iter 16] loss=-11.903 rew_support=-18.354 rew_query=-15.394 kl=0.0091
[iter 17] loss=-22.492 rew_support=-18.316 rew_query=-15.556 kl=0.0088
[iter 18] loss=-13.996 rew_support=-18.294 rew_query=-15.393 kl=0.0094
[iter 19] loss=-8.477 rew_support=-18.360 rew_query=-15.335 kl=0.0075
[iter 20] loss=-10.844 rew_support=-18.202 rew_query=-15.708 kl=0.0105
Checkpoint saved to checkpoints/run_20260106_165825/checkpoint_20.pt
[iter 21] loss=-4.688 rew_support=-18.201 rew_query=-15.122 kl=0.0125
[iter 22] loss=-15.595 rew_support=-18.161 rew_query=-15.337 kl=0.0119
[iter 23] loss=-14.974 rew_support=-18.258 rew_query=-15.383 kl=0.0108
[iter 24] loss=-14.328 rew_support=-18.252 rew_query=-15.296 kl=0.0141
[iter 25] loss=-4.771 rew_support=-18.215 rew_query=-15.016 kl=0.0113
[iter 26] loss=-20.862 rew_support=-18.237 rew_query=-15.787 kl=0.0093
[iter 27] loss=-10.834 rew_support=-18.179 rew_query=-15.516 kl=0.0069
[iter 28] loss=-6.915 rew_support=-18.391 rew_query=-14.922 kl=0.0094
[iter 29] loss=-12.104 rew_support=-18.230 rew_query=-15.020 kl=0.0145
[iter 30] loss=-8.409 rew_support=-18.220 rew_query=-15.185 kl=0.0009
[iter 31] loss=-15.254 rew_support=-18.332 rew_query=-15.873 kl=0.0054
[iter 32] loss=-9.873 rew_support=-18.275 rew_query=-15.606 kl=0.0114
[iter 33] loss=-7.441 rew_support=-18.162 rew_query=-15.077 kl=0.0120
[iter 34] loss=-13.760 rew_support=-18.284 rew_query=-15.825 kl=0.0110
[iter 35] loss=1.577 rew_support=-18.370 rew_query=-15.652 kl=0.0049
[iter 36] loss=-0.311 rew_support=-18.303 rew_query=-15.477 kl=0.0052
[iter 37] loss=-11.317 rew_support=-18.248 rew_query=-15.514 kl=0.0009
[iter 38] loss=-9.452 rew_support=-18.179 rew_query=-15.708 kl=0.0054
[iter 39] loss=-4.749 rew_support=-18.311 rew_query=-15.535 kl=0.0009
[iter 40] loss=-4.790 rew_support=-18.153 rew_query=-15.500 kl=0.0011
Checkpoint saved to checkpoints/run_20260106_170523/checkpoint_40.pt
[iter 41] loss=-12.200 rew_support=-18.330 rew_query=-15.566 kl=0.0014
[iter 42] loss=-8.550 rew_support=-18.284 rew_query=-15.716 kl=0.0067
[iter 43] loss=-5.789 rew_support=-18.230 rew_query=-15.738 kl=0.0010
[iter 44] loss=-4.630 rew_support=-18.442 rew_query=-15.508 kl=0.0048
[iter 45] loss=-11.941 rew_support=-18.304 rew_query=-15.069 kl=0.0146
[iter 46] loss=-15.225 rew_support=-18.248 rew_query=-15.601 kl=0.0072
[iter 47] loss=-2.715 rew_support=-18.179 rew_query=-15.460 kl=0.0008
[iter 48] loss=-0.635 rew_support=-18.340 rew_query=-15.469 kl=0.0045
[iter 49] loss=-7.835 rew_support=-18.296 rew_query=-15.566 kl=0.0075
[iter 50] loss=-3.357 rew_support=-18.271 rew_query=-15.687 kl=0.0014
[iter 51] loss=-4.876 rew_support=-18.200 rew_query=-15.836 kl=0.0023
[iter 52] loss=-3.056 rew_support=-18.292 rew_query=-15.670 kl=0.0010
[iter 53] loss=-7.034 rew_support=-18.282 rew_query=-15.716 kl=0.0048
[iter 54] loss=-8.266 rew_support=-18.139 rew_query=-15.658 kl=0.0094
[iter 55] loss=-6.343 rew_support=-18.328 rew_query=-15.257 kl=0.0092
[iter 56] loss=-10.234 rew_support=-18.216 rew_query=-15.707 kl=0.0088
[iter 57] loss=-7.614 rew_support=-18.234 rew_query=-15.805 kl=0.0073
[iter 58] loss=-8.830 rew_support=-18.300 rew_query=-15.639 kl=0.0109
[iter 59] loss=0.313 rew_support=-18.283 rew_query=-15.441 kl=0.0007
[iter 60] loss=-0.205 rew_support=-18.178 rew_query=-15.563 kl=0.0026
Checkpoint saved to checkpoints/run_20260106_171153/checkpoint_60.pt
[iter 61] loss=-9.266 rew_support=-18.311 rew_query=-15.887 kl=0.0109
[iter 62] loss=-1.313 rew_support=-18.270 rew_query=-15.015 kl=0.0057
[iter 63] loss=-3.187 rew_support=-18.215 rew_query=-15.355 kl=0.0094
[iter 64] loss=-6.612 rew_support=-18.215 rew_query=-15.492 kl=0.0044
[iter 65] loss=-2.748 rew_support=-18.270 rew_query=-15.514 kl=0.0052
[iter 66] loss=-0.417 rew_support=-18.282 rew_query=-15.258 kl=0.0085
[iter 67] loss=-5.856 rew_support=-18.378 rew_query=-15.235 kl=0.0070
[iter 68] loss=-10.652 rew_support=-18.354 rew_query=-15.850 kl=0.0042
[iter 69] loss=-3.471 rew_support=-18.210 rew_query=-15.434 kl=0.0008
[iter 70] loss=-0.638 rew_support=-18.175 rew_query=-15.630 kl=0.0023
[iter 71] loss=-5.460 rew_support=-18.325 rew_query=-15.567 kl=0.0096
[iter 72] loss=-6.100 rew_support=-18.302 rew_query=-15.624 kl=0.0089
[iter 73] loss=-1.384 rew_support=-18.226 rew_query=-15.248 kl=0.0091
[iter 74] loss=-2.326 rew_support=-18.174 rew_query=-15.005 kl=0.0107
[iter 75] loss=-2.866 rew_support=-18.308 rew_query=-15.713 kl=0.0070
[iter 76] loss=-0.278 rew_support=-18.247 rew_query=-14.947 kl=0.0060
[iter 77] loss=-11.037 rew_support=-18.400 rew_query=-16.039 kl=0.0072
[iter 78] loss=-0.242 rew_support=-18.298 rew_query=-14.982 kl=0.0027
[iter 79] loss=-0.539 rew_support=-18.293 rew_query=-15.669 kl=0.0007
[iter 80] loss=-1.590 rew_support=-18.337 rew_query=-15.135 kl=0.0041
Checkpoint saved to checkpoints/run_20260106_171821/checkpoint_80.pt
[iter 81] loss=0.308 rew_support=-18.218 rew_query=-15.147 kl=0.0066
[iter 82] loss=0.661 rew_support=-18.179 rew_query=-15.501 kl=0.0029
[iter 83] loss=-0.060 rew_support=-18.258 rew_query=-15.098 kl=0.0005
[iter 84] loss=-6.391 rew_support=-18.271 rew_query=-15.664 kl=0.0066
[iter 85] loss=-3.429 rew_support=-18.274 rew_query=-15.750 kl=0.0088
[iter 86] loss=-3.275 rew_support=-18.384 rew_query=-15.536 kl=0.0014
[iter 87] loss=0.341 rew_support=-18.268 rew_query=-15.463 kl=0.0006
[iter 88] loss=-0.792 rew_support=-18.239 rew_query=-15.202 kl=0.0005
[iter 89] loss=0.632 rew_support=-18.145 rew_query=-15.478 kl=0.0006
[iter 90] loss=-5.289 rew_support=-18.196 rew_query=-15.566 kl=0.0016
[iter 91] loss=-1.933 rew_support=-18.229 rew_query=-15.563 kl=0.0012
[iter 92] loss=-1.923 rew_support=-18.180 rew_query=-15.330 kl=0.0008
[iter 93] loss=-2.041 rew_support=-18.225 rew_query=-15.432 kl=0.0010
[iter 94] loss=-1.646 rew_support=-18.227 rew_query=-15.601 kl=0.0006
[iter 95] loss=1.212 rew_support=-18.329 rew_query=-15.089 kl=0.0007
[iter 96] loss=-2.222 rew_support=-18.302 rew_query=-15.686 kl=0.0009
[iter 97] loss=-1.385 rew_support=-18.136 rew_query=-15.522 kl=0.0043
[iter 98] loss=-5.450 rew_support=-18.246 rew_query=-15.543 kl=0.0104
[iter 99] loss=-1.955 rew_support=-18.283 rew_query=-15.458 kl=0.0008
[iter 100] loss=-0.706 rew_support=-18.259 rew_query=-15.664 kl=0.0006
Checkpoint saved to checkpoints/run_20260106_172453/checkpoint_100.pt
Best model (iter 28, reward -14.922) saved to checkpoints/run_20260106_172453/model.pt
