Device: cpu
Algorithm: TRPO
Oracle mode: using environment with task params in observation
/home/smaug/Documents/MASTER/ReinforcementLearning/maml-rl/.venv/lib/python3.12/site-packages/gymnasium/spaces/box.py:236: UserWarning: [33mWARN: Box low's precision lowered by casting to float32, current low.dtype=float64[0m
  gym.logger.warn(
/home/smaug/Documents/MASTER/ReinforcementLearning/maml-rl/.venv/lib/python3.12/site-packages/gymnasium/spaces/box.py:306: UserWarning: [33mWARN: Box high's precision lowered by casting to float32, current high.dtype=float64[0m
  gym.logger.warn(
[iter 1] loss=0.125 rew_support=-18.441 rew_query=-18.441 kl=0.0084
[iter 2] loss=0.146 rew_support=-18.416 rew_query=-18.416 kl=0.0113
[iter 3] loss=0.148 rew_support=-18.440 rew_query=-18.440 kl=0.0114
[iter 4] loss=0.148 rew_support=-18.455 rew_query=-18.455 kl=0.0117
[iter 5] loss=0.144 rew_support=-18.373 rew_query=-18.373 kl=0.0111
[iter 6] loss=0.129 rew_support=-18.466 rew_query=-18.466 kl=0.0096
[iter 7] loss=0.132 rew_support=-18.304 rew_query=-18.304 kl=0.0103
[iter 8] loss=0.125 rew_support=-18.352 rew_query=-18.352 kl=0.0085
[iter 9] loss=0.128 rew_support=-18.365 rew_query=-18.365 kl=0.0092
[iter 10] loss=0.114 rew_support=-18.334 rew_query=-18.334 kl=0.0088
[iter 11] loss=0.120 rew_support=-18.345 rew_query=-18.345 kl=0.0094
[iter 12] loss=0.113 rew_support=-18.374 rew_query=-18.374 kl=0.0075
[iter 13] loss=0.118 rew_support=-18.324 rew_query=-18.324 kl=0.0081
[iter 14] loss=0.128 rew_support=-18.417 rew_query=-18.417 kl=0.0093
[iter 15] loss=0.121 rew_support=-18.330 rew_query=-18.330 kl=0.0084
[iter 16] loss=0.113 rew_support=-18.415 rew_query=-18.415 kl=0.0091
[iter 17] loss=0.120 rew_support=-18.391 rew_query=-18.391 kl=0.0087
[iter 18] loss=0.130 rew_support=-18.433 rew_query=-18.433 kl=0.0096
[iter 19] loss=0.112 rew_support=-18.404 rew_query=-18.404 kl=0.0085
[iter 20] loss=0.118 rew_support=-18.269 rew_query=-18.269 kl=0.0107
[iter 21] loss=0.118 rew_support=-18.268 rew_query=-18.268 kl=0.0092
[iter 22] loss=0.122 rew_support=-18.180 rew_query=-18.180 kl=0.0099
[iter 23] loss=0.120 rew_support=-18.246 rew_query=-18.246 kl=0.0094
[iter 24] loss=0.114 rew_support=-18.296 rew_query=-18.296 kl=0.0083
[iter 25] loss=0.125 rew_support=-17.970 rew_query=-17.970 kl=0.0105
[iter 26] loss=0.111 rew_support=-18.007 rew_query=-18.007 kl=0.0092
[iter 27] loss=0.108 rew_support=-17.917 rew_query=-17.917 kl=0.0104
[iter 28] loss=0.105 rew_support=-18.113 rew_query=-18.113 kl=0.0078
[iter 29] loss=0.115 rew_support=-17.990 rew_query=-17.990 kl=0.0100
[iter 30] loss=0.120 rew_support=-18.052 rew_query=-18.052 kl=0.0100
[iter 31] loss=0.111 rew_support=-18.051 rew_query=-18.051 kl=0.0099
[iter 32] loss=0.112 rew_support=-17.854 rew_query=-17.854 kl=0.0095
[iter 33] loss=0.107 rew_support=-17.686 rew_query=-17.686 kl=0.0093
[iter 34] loss=0.105 rew_support=-17.554 rew_query=-17.554 kl=0.0098
[iter 35] loss=0.106 rew_support=-17.661 rew_query=-17.661 kl=0.0103
[iter 36] loss=0.104 rew_support=-17.579 rew_query=-17.579 kl=0.0102
[iter 37] loss=0.105 rew_support=-17.560 rew_query=-17.560 kl=0.0101
[iter 38] loss=0.094 rew_support=-17.568 rew_query=-17.568 kl=0.0093
[iter 39] loss=0.096 rew_support=-17.781 rew_query=-17.781 kl=0.0103
[iter 40] loss=0.093 rew_support=-17.731 rew_query=-17.731 kl=0.0102
[iter 41] loss=0.088 rew_support=-17.941 rew_query=-17.941 kl=0.0100
[iter 42] loss=0.082 rew_support=-17.860 rew_query=-17.860 kl=0.0096
[iter 43] loss=0.078 rew_support=-17.821 rew_query=-17.821 kl=0.0091
[iter 44] loss=0.076 rew_support=-17.955 rew_query=-17.955 kl=0.0088
[iter 45] loss=0.073 rew_support=-17.837 rew_query=-17.837 kl=0.0077
[iter 46] loss=0.078 rew_support=-17.790 rew_query=-17.790 kl=0.0075
[iter 47] loss=0.087 rew_support=-17.693 rew_query=-17.693 kl=0.0103
[iter 48] loss=0.085 rew_support=-17.882 rew_query=-17.882 kl=0.0108
[iter 49] loss=0.081 rew_support=-17.819 rew_query=-17.819 kl=0.0109
[iter 50] loss=0.077 rew_support=-17.769 rew_query=-17.769 kl=0.0111
Checkpoint saved to checkpoints/run_20260106_150358/checkpoint_50.pt
[iter 51] loss=0.073 rew_support=-17.743 rew_query=-17.743 kl=0.0112
[iter 52] loss=0.071 rew_support=-17.737 rew_query=-17.737 kl=0.0113
[iter 53] loss=0.069 rew_support=-17.754 rew_query=-17.754 kl=0.0113
[iter 54] loss=0.067 rew_support=-17.566 rew_query=-17.566 kl=0.0113
[iter 55] loss=0.067 rew_support=-17.784 rew_query=-17.784 kl=0.0113
[iter 56] loss=0.065 rew_support=-17.596 rew_query=-17.596 kl=0.0113
[iter 57] loss=0.064 rew_support=-17.644 rew_query=-17.644 kl=0.0113
[iter 58] loss=0.063 rew_support=-17.624 rew_query=-17.624 kl=0.0112
[iter 59] loss=0.063 rew_support=-17.561 rew_query=-17.561 kl=0.0112
[iter 60] loss=0.062 rew_support=-17.507 rew_query=-17.507 kl=0.0112
[iter 61] loss=0.060 rew_support=-17.618 rew_query=-17.618 kl=0.0112
[iter 62] loss=0.059 rew_support=-17.561 rew_query=-17.561 kl=0.0113
[iter 63] loss=0.059 rew_support=-17.453 rew_query=-17.453 kl=0.0112
[iter 64] loss=0.058 rew_support=-17.458 rew_query=-17.458 kl=0.0113
[iter 65] loss=0.057 rew_support=-17.536 rew_query=-17.536 kl=0.0112
[iter 66] loss=0.056 rew_support=-17.529 rew_query=-17.529 kl=0.0113
[iter 67] loss=0.054 rew_support=-17.538 rew_query=-17.538 kl=0.0113
[iter 68] loss=0.054 rew_support=-17.529 rew_query=-17.529 kl=0.0113
[iter 69] loss=0.052 rew_support=-17.384 rew_query=-17.384 kl=0.0114
[iter 70] loss=0.051 rew_support=-17.307 rew_query=-17.307 kl=0.0113
[iter 71] loss=0.049 rew_support=-17.534 rew_query=-17.534 kl=0.0112
[iter 72] loss=0.047 rew_support=-17.446 rew_query=-17.446 kl=0.0113
[iter 73] loss=0.045 rew_support=-17.320 rew_query=-17.320 kl=0.0113
[iter 74] loss=0.044 rew_support=-17.244 rew_query=-17.244 kl=0.0114
[iter 75] loss=0.041 rew_support=-17.271 rew_query=-17.271 kl=0.0115
[iter 76] loss=0.040 rew_support=-17.264 rew_query=-17.264 kl=0.0115
[iter 77] loss=0.038 rew_support=-17.358 rew_query=-17.358 kl=0.0117
[iter 78] loss=0.036 rew_support=-17.241 rew_query=-17.241 kl=0.0115
[iter 79] loss=0.033 rew_support=-17.168 rew_query=-17.168 kl=0.0115
[iter 80] loss=0.031 rew_support=-17.191 rew_query=-17.191 kl=0.0116
[iter 81] loss=0.029 rew_support=-17.071 rew_query=-17.071 kl=0.0116
[iter 82] loss=0.028 rew_support=-17.073 rew_query=-17.073 kl=0.0116
[iter 83] loss=0.028 rew_support=-17.129 rew_query=-17.129 kl=0.0116
[iter 84] loss=0.028 rew_support=-17.179 rew_query=-17.179 kl=0.0116
[iter 85] loss=0.025 rew_support=-17.185 rew_query=-17.185 kl=0.0117
[iter 86] loss=0.028 rew_support=-17.265 rew_query=-17.265 kl=0.0117
[iter 87] loss=0.029 rew_support=-17.158 rew_query=-17.158 kl=0.0116
[iter 88] loss=0.028 rew_support=-17.210 rew_query=-17.210 kl=0.0116
[iter 89] loss=0.028 rew_support=-17.115 rew_query=-17.115 kl=0.0116
[iter 90] loss=0.029 rew_support=-17.169 rew_query=-17.169 kl=0.0116
[iter 91] loss=0.028 rew_support=-17.222 rew_query=-17.222 kl=0.0114
[iter 92] loss=0.029 rew_support=-17.209 rew_query=-17.209 kl=0.0116
[iter 93] loss=0.028 rew_support=-17.256 rew_query=-17.256 kl=0.0115
[iter 94] loss=0.030 rew_support=-17.256 rew_query=-17.256 kl=0.0115
[iter 95] loss=0.030 rew_support=-17.376 rew_query=-17.376 kl=0.0115
[iter 96] loss=0.030 rew_support=-17.385 rew_query=-17.385 kl=0.0115
[iter 97] loss=0.029 rew_support=-17.171 rew_query=-17.171 kl=0.0116
[iter 98] loss=0.028 rew_support=-17.351 rew_query=-17.351 kl=0.0114
[iter 99] loss=0.029 rew_support=-17.317 rew_query=-17.317 kl=0.0115
[iter 100] loss=0.029 rew_support=-17.332 rew_query=-17.332 kl=0.0115
Checkpoint saved to checkpoints/run_20260106_151914/checkpoint_100.pt
[iter 101] loss=0.031 rew_support=-17.426 rew_query=-17.426 kl=0.0114
[iter 102] loss=0.026 rew_support=-17.391 rew_query=-17.391 kl=0.0114
[iter 103] loss=0.027 rew_support=-17.324 rew_query=-17.324 kl=0.0114
[iter 104] loss=0.028 rew_support=-17.392 rew_query=-17.392 kl=0.0113
[iter 105] loss=0.026 rew_support=-17.350 rew_query=-17.350 kl=0.0115
[iter 106] loss=0.022 rew_support=-17.290 rew_query=-17.290 kl=0.0113
[iter 107] loss=0.024 rew_support=-17.222 rew_query=-17.222 kl=0.0113
[iter 108] loss=0.022 rew_support=-17.243 rew_query=-17.243 kl=0.0111
[iter 109] loss=0.025 rew_support=-17.274 rew_query=-17.274 kl=0.0115
[iter 110] loss=0.023 rew_support=-17.367 rew_query=-17.367 kl=0.0112
[iter 111] loss=0.022 rew_support=-17.255 rew_query=-17.255 kl=0.0112
[iter 112] loss=0.018 rew_support=-17.391 rew_query=-17.391 kl=0.0108
[iter 113] loss=0.020 rew_support=-17.274 rew_query=-17.274 kl=0.0108
[iter 114] loss=0.016 rew_support=-17.292 rew_query=-17.292 kl=0.0110
[iter 115] loss=0.017 rew_support=-17.240 rew_query=-17.240 kl=0.0108
[iter 116] loss=0.020 rew_support=-17.294 rew_query=-17.294 kl=0.0106
[iter 117] loss=0.014 rew_support=-17.303 rew_query=-17.303 kl=0.0102
[iter 118] loss=0.018 rew_support=-17.190 rew_query=-17.190 kl=0.0106
[iter 119] loss=0.020 rew_support=-17.309 rew_query=-17.309 kl=0.0106
[iter 120] loss=0.015 rew_support=-17.090 rew_query=-17.090 kl=0.0106
[iter 121] loss=0.019 rew_support=-17.217 rew_query=-17.217 kl=0.0101
[iter 122] loss=0.017 rew_support=-17.218 rew_query=-17.218 kl=0.0101
[iter 123] loss=0.009 rew_support=-17.107 rew_query=-17.107 kl=0.0089
[iter 124] loss=0.013 rew_support=-17.235 rew_query=-17.235 kl=0.0097
[iter 125] loss=0.014 rew_support=-17.061 rew_query=-17.061 kl=0.0097
[iter 126] loss=0.010 rew_support=-17.166 rew_query=-17.166 kl=0.0099
[iter 127] loss=0.017 rew_support=-17.217 rew_query=-17.217 kl=0.0104
[iter 128] loss=0.015 rew_support=-17.117 rew_query=-17.117 kl=0.0096
[iter 129] loss=0.017 rew_support=-17.212 rew_query=-17.212 kl=0.0096
[iter 130] loss=0.013 rew_support=-17.220 rew_query=-17.220 kl=0.0094
[iter 131] loss=0.019 rew_support=-17.239 rew_query=-17.239 kl=0.0095
[iter 132] loss=0.013 rew_support=-17.168 rew_query=-17.168 kl=0.0082
[iter 133] loss=0.015 rew_support=-17.168 rew_query=-17.168 kl=0.0093
[iter 134] loss=0.011 rew_support=-17.292 rew_query=-17.292 kl=0.0096
[iter 135] loss=0.013 rew_support=-17.304 rew_query=-17.304 kl=0.0099
[iter 136] loss=0.016 rew_support=-17.359 rew_query=-17.359 kl=0.0093
[iter 137] loss=0.010 rew_support=-17.311 rew_query=-17.311 kl=0.0074
[iter 138] loss=0.018 rew_support=-17.292 rew_query=-17.292 kl=0.0082
[iter 139] loss=0.010 rew_support=-17.327 rew_query=-17.327 kl=0.0067
[iter 140] loss=0.014 rew_support=-17.248 rew_query=-17.248 kl=0.0103
[iter 141] loss=0.010 rew_support=-17.395 rew_query=-17.395 kl=0.0090
[iter 142] loss=0.010 rew_support=-17.313 rew_query=-17.313 kl=0.0093
[iter 143] loss=0.011 rew_support=-17.388 rew_query=-17.388 kl=0.0093
[iter 144] loss=0.006 rew_support=-17.390 rew_query=-17.390 kl=0.0086
[iter 145] loss=0.016 rew_support=-17.318 rew_query=-17.318 kl=0.0096
[iter 146] loss=0.008 rew_support=-17.499 rew_query=-17.499 kl=0.0098
[iter 147] loss=0.013 rew_support=-17.430 rew_query=-17.430 kl=0.0105
[iter 148] loss=0.011 rew_support=-17.450 rew_query=-17.450 kl=0.0101
[iter 149] loss=0.009 rew_support=-17.469 rew_query=-17.469 kl=0.0089
[iter 150] loss=0.009 rew_support=-17.431 rew_query=-17.431 kl=0.0075
Checkpoint saved to checkpoints/run_20260106_153409/checkpoint_150.pt
[iter 151] loss=0.018 rew_support=-17.414 rew_query=-17.414 kl=0.0089
[iter 152] loss=0.017 rew_support=-17.486 rew_query=-17.486 kl=0.0093
[iter 153] loss=0.015 rew_support=-17.494 rew_query=-17.494 kl=0.0104
[iter 154] loss=0.016 rew_support=-17.401 rew_query=-17.401 kl=0.0090
[iter 155] loss=0.005 rew_support=-17.490 rew_query=-17.490 kl=0.0078
[iter 156] loss=0.013 rew_support=-17.633 rew_query=-17.633 kl=0.0084
[iter 157] loss=0.006 rew_support=-17.549 rew_query=-17.549 kl=0.0075
[iter 158] loss=0.007 rew_support=-17.479 rew_query=-17.479 kl=0.0112
[iter 159] loss=0.010 rew_support=-17.469 rew_query=-17.469 kl=0.0090
[iter 160] loss=0.006 rew_support=-17.399 rew_query=-17.399 kl=0.0094
[iter 161] loss=0.008 rew_support=-17.410 rew_query=-17.410 kl=0.0108
[iter 162] loss=0.020 rew_support=-17.403 rew_query=-17.403 kl=0.0089
[iter 163] loss=0.011 rew_support=-17.522 rew_query=-17.522 kl=0.0103
[iter 164] loss=0.006 rew_support=-17.689 rew_query=-17.689 kl=0.0095
[iter 165] loss=0.011 rew_support=-17.415 rew_query=-17.415 kl=0.0105
[iter 166] loss=0.006 rew_support=-17.559 rew_query=-17.559 kl=0.0070
[iter 167] loss=0.013 rew_support=-17.513 rew_query=-17.513 kl=0.0079
[iter 168] loss=0.006 rew_support=-17.524 rew_query=-17.524 kl=0.0085
[iter 169] loss=0.013 rew_support=-17.548 rew_query=-17.548 kl=0.0073
[iter 170] loss=0.007 rew_support=-17.568 rew_query=-17.568 kl=0.0083
[iter 171] loss=0.012 rew_support=-17.552 rew_query=-17.552 kl=0.0070
[iter 172] loss=0.006 rew_support=-17.580 rew_query=-17.580 kl=0.0085
[iter 173] loss=0.013 rew_support=-17.602 rew_query=-17.602 kl=0.0101
[iter 174] loss=0.008 rew_support=-17.596 rew_query=-17.596 kl=0.0082
[iter 175] loss=0.011 rew_support=-17.645 rew_query=-17.645 kl=0.0097
[iter 176] loss=0.013 rew_support=-17.588 rew_query=-17.588 kl=0.0109
[iter 177] loss=0.007 rew_support=-17.702 rew_query=-17.702 kl=0.0097
[iter 178] loss=0.021 rew_support=-17.569 rew_query=-17.569 kl=0.0111
[iter 179] loss=0.009 rew_support=-17.663 rew_query=-17.663 kl=0.0085
[iter 180] loss=0.014 rew_support=-17.591 rew_query=-17.591 kl=0.0101
[iter 181] loss=0.016 rew_support=-17.647 rew_query=-17.647 kl=0.0086
[iter 182] loss=0.009 rew_support=-17.728 rew_query=-17.728 kl=0.0072
[iter 183] loss=0.008 rew_support=-17.795 rew_query=-17.795 kl=0.0082
[iter 184] loss=0.015 rew_support=-17.693 rew_query=-17.693 kl=0.0095
[iter 185] loss=0.019 rew_support=-17.681 rew_query=-17.681 kl=0.0109
[iter 186] loss=0.005 rew_support=-17.832 rew_query=-17.832 kl=0.0101
[iter 187] loss=0.011 rew_support=-17.593 rew_query=-17.593 kl=0.0098
[iter 188] loss=0.007 rew_support=-17.704 rew_query=-17.704 kl=0.0083
[iter 189] loss=0.009 rew_support=-17.611 rew_query=-17.611 kl=0.0090
[iter 190] loss=0.006 rew_support=-17.576 rew_query=-17.576 kl=0.0084
[iter 191] loss=0.006 rew_support=-17.621 rew_query=-17.621 kl=0.0085
[iter 192] loss=0.007 rew_support=-17.629 rew_query=-17.629 kl=0.0092
[iter 193] loss=0.007 rew_support=-17.368 rew_query=-17.368 kl=0.0085
[iter 194] loss=0.003 rew_support=-17.510 rew_query=-17.510 kl=0.0083
[iter 195] loss=0.006 rew_support=-17.633 rew_query=-17.633 kl=0.0093
[iter 196] loss=0.007 rew_support=-17.532 rew_query=-17.532 kl=0.0089
[iter 197] loss=0.005 rew_support=-17.561 rew_query=-17.561 kl=0.0076
[iter 198] loss=0.005 rew_support=-17.429 rew_query=-17.429 kl=0.0076
[iter 199] loss=0.007 rew_support=-17.361 rew_query=-17.361 kl=0.0076
[iter 200] loss=0.006 rew_support=-17.284 rew_query=-17.284 kl=0.0075
Checkpoint saved to checkpoints/run_20260106_154931/checkpoint_200.pt
[iter 201] loss=0.006 rew_support=-17.382 rew_query=-17.382 kl=0.0075
[iter 202] loss=0.005 rew_support=-17.451 rew_query=-17.451 kl=0.0074
[iter 203] loss=0.008 rew_support=-17.430 rew_query=-17.430 kl=0.0079
[iter 204] loss=0.008 rew_support=-17.335 rew_query=-17.335 kl=0.0077
[iter 205] loss=0.009 rew_support=-17.378 rew_query=-17.378 kl=0.0076
[iter 206] loss=0.009 rew_support=-17.293 rew_query=-17.293 kl=0.0075
[iter 207] loss=0.010 rew_support=-17.267 rew_query=-17.267 kl=0.0076
[iter 208] loss=0.009 rew_support=-17.177 rew_query=-17.177 kl=0.0075
[iter 209] loss=0.010 rew_support=-17.200 rew_query=-17.200 kl=0.0076
[iter 210] loss=0.010 rew_support=-17.220 rew_query=-17.220 kl=0.0075
[iter 211] loss=0.010 rew_support=-17.102 rew_query=-17.102 kl=0.0076
[iter 212] loss=0.010 rew_support=-17.088 rew_query=-17.088 kl=0.0075
[iter 213] loss=0.010 rew_support=-17.375 rew_query=-17.375 kl=0.0076
[iter 214] loss=0.010 rew_support=-17.248 rew_query=-17.248 kl=0.0075
[iter 215] loss=0.010 rew_support=-17.225 rew_query=-17.225 kl=0.0075
[iter 216] loss=0.011 rew_support=-17.223 rew_query=-17.223 kl=0.0074
[iter 217] loss=0.011 rew_support=-17.205 rew_query=-17.205 kl=0.0075
[iter 218] loss=0.011 rew_support=-17.102 rew_query=-17.102 kl=0.0076
[iter 219] loss=0.011 rew_support=-17.240 rew_query=-17.240 kl=0.0076
[iter 220] loss=0.011 rew_support=-17.311 rew_query=-17.311 kl=0.0076
[iter 221] loss=0.010 rew_support=-17.284 rew_query=-17.284 kl=0.0075
[iter 222] loss=0.010 rew_support=-17.125 rew_query=-17.125 kl=0.0076
[iter 223] loss=0.010 rew_support=-17.142 rew_query=-17.142 kl=0.0075
[iter 224] loss=0.010 rew_support=-17.218 rew_query=-17.218 kl=0.0075
[iter 225] loss=0.009 rew_support=-17.132 rew_query=-17.132 kl=0.0075
[iter 226] loss=0.009 rew_support=-17.239 rew_query=-17.239 kl=0.0075
[iter 227] loss=0.009 rew_support=-17.193 rew_query=-17.193 kl=0.0075
[iter 228] loss=0.008 rew_support=-17.143 rew_query=-17.143 kl=0.0075
[iter 229] loss=0.009 rew_support=-17.303 rew_query=-17.303 kl=0.0076
[iter 230] loss=0.009 rew_support=-17.261 rew_query=-17.261 kl=0.0074
[iter 231] loss=0.007 rew_support=-17.337 rew_query=-17.337 kl=0.0076
[iter 232] loss=0.007 rew_support=-17.371 rew_query=-17.371 kl=0.0075
[iter 233] loss=0.007 rew_support=-17.238 rew_query=-17.238 kl=0.0074
[iter 234] loss=0.007 rew_support=-17.237 rew_query=-17.237 kl=0.0075
[iter 235] loss=0.007 rew_support=-17.340 rew_query=-17.340 kl=0.0078
[iter 236] loss=0.007 rew_support=-17.197 rew_query=-17.197 kl=0.0075
[iter 237] loss=0.006 rew_support=-17.309 rew_query=-17.309 kl=0.0075
[iter 238] loss=0.006 rew_support=-17.292 rew_query=-17.292 kl=0.0075
[iter 239] loss=0.005 rew_support=-17.465 rew_query=-17.465 kl=0.0076
[iter 240] loss=0.004 rew_support=-17.349 rew_query=-17.349 kl=0.0075
[iter 241] loss=0.005 rew_support=-17.328 rew_query=-17.328 kl=0.0076
[iter 242] loss=0.004 rew_support=-17.424 rew_query=-17.424 kl=0.0075
[iter 243] loss=0.004 rew_support=-17.432 rew_query=-17.432 kl=0.0080
[iter 244] loss=0.004 rew_support=-17.214 rew_query=-17.214 kl=0.0077
[iter 245] loss=0.004 rew_support=-17.532 rew_query=-17.532 kl=0.0081
[iter 246] loss=0.005 rew_support=-17.427 rew_query=-17.427 kl=0.0104
[iter 247] loss=0.006 rew_support=-17.429 rew_query=-17.429 kl=0.0097
[iter 248] loss=0.004 rew_support=-17.426 rew_query=-17.426 kl=0.0083
[iter 249] loss=0.011 rew_support=-17.289 rew_query=-17.289 kl=0.0121
[iter 250] loss=0.007 rew_support=-17.453 rew_query=-17.453 kl=0.0102
Checkpoint saved to checkpoints/run_20260106_160507/checkpoint_250.pt
[iter 251] loss=0.005 rew_support=-17.350 rew_query=-17.350 kl=0.0099
[iter 252] loss=0.009 rew_support=-17.305 rew_query=-17.305 kl=0.0110
[iter 253] loss=0.007 rew_support=-17.381 rew_query=-17.381 kl=0.0110
[iter 254] loss=0.007 rew_support=-17.347 rew_query=-17.347 kl=0.0117
[iter 255] loss=0.008 rew_support=-17.448 rew_query=-17.448 kl=0.0117
[iter 256] loss=0.012 rew_support=-17.448 rew_query=-17.448 kl=0.0124
[iter 257] loss=0.006 rew_support=-17.369 rew_query=-17.369 kl=0.0104
[iter 258] loss=0.003 rew_support=-17.415 rew_query=-17.415 kl=0.0097
[iter 259] loss=0.003 rew_support=-17.501 rew_query=-17.501 kl=0.0087
[iter 260] loss=0.005 rew_support=-17.481 rew_query=-17.481 kl=0.0096
[iter 261] loss=0.005 rew_support=-17.435 rew_query=-17.435 kl=0.0097
[iter 262] loss=0.003 rew_support=-17.456 rew_query=-17.456 kl=0.0091
[iter 263] loss=0.006 rew_support=-17.477 rew_query=-17.477 kl=0.0075
[iter 264] loss=0.004 rew_support=-17.409 rew_query=-17.409 kl=0.0087
[iter 265] loss=0.006 rew_support=-17.412 rew_query=-17.412 kl=0.0101
[iter 266] loss=0.005 rew_support=-17.484 rew_query=-17.484 kl=0.0105
[iter 267] loss=0.009 rew_support=-17.485 rew_query=-17.485 kl=0.0139
[iter 268] loss=0.004 rew_support=-17.467 rew_query=-17.467 kl=0.0098
[iter 269] loss=0.004 rew_support=-17.357 rew_query=-17.357 kl=0.0093
[iter 270] loss=0.006 rew_support=-17.390 rew_query=-17.390 kl=0.0093
[iter 271] loss=0.002 rew_support=-17.401 rew_query=-17.401 kl=0.0085
[iter 272] loss=0.003 rew_support=-17.329 rew_query=-17.329 kl=0.0083
[iter 273] loss=0.004 rew_support=-17.379 rew_query=-17.379 kl=0.0094
[iter 274] loss=0.012 rew_support=-17.444 rew_query=-17.444 kl=0.0130
[iter 275] loss=0.005 rew_support=-17.381 rew_query=-17.381 kl=0.0094
[iter 276] loss=0.002 rew_support=-17.293 rew_query=-17.293 kl=0.0086
[iter 277] loss=0.003 rew_support=-17.517 rew_query=-17.517 kl=0.0103
[iter 278] loss=0.004 rew_support=-17.513 rew_query=-17.513 kl=0.0140
[iter 279] loss=0.004 rew_support=-17.410 rew_query=-17.410 kl=0.0107
[iter 280] loss=0.004 rew_support=-17.476 rew_query=-17.476 kl=0.0093
[iter 281] loss=0.003 rew_support=-17.437 rew_query=-17.437 kl=0.0095
[iter 282] loss=0.005 rew_support=-17.470 rew_query=-17.470 kl=0.0072
[iter 283] loss=0.007 rew_support=-17.482 rew_query=-17.482 kl=0.0134
[iter 284] loss=0.003 rew_support=-17.468 rew_query=-17.468 kl=0.0122
[iter 285] loss=0.003 rew_support=-17.422 rew_query=-17.422 kl=0.0116
[iter 286] loss=0.003 rew_support=-17.494 rew_query=-17.494 kl=0.0097
[iter 287] loss=0.002 rew_support=-17.425 rew_query=-17.425 kl=0.0080
[iter 288] loss=0.003 rew_support=-17.491 rew_query=-17.491 kl=0.0077
[iter 289] loss=0.005 rew_support=-17.419 rew_query=-17.419 kl=0.0094
[iter 290] loss=0.001 rew_support=-17.492 rew_query=-17.492 kl=0.0092
[iter 291] loss=0.004 rew_support=-17.484 rew_query=-17.484 kl=0.0120
[iter 292] loss=0.005 rew_support=-17.540 rew_query=-17.540 kl=0.0102
[iter 293] loss=0.004 rew_support=-17.491 rew_query=-17.491 kl=0.0108
[iter 294] loss=0.002 rew_support=-17.511 rew_query=-17.511 kl=0.0100
[iter 295] loss=0.003 rew_support=-17.607 rew_query=-17.607 kl=0.0131
[iter 296] loss=0.002 rew_support=-17.661 rew_query=-17.661 kl=0.0094
[iter 297] loss=0.003 rew_support=-17.570 rew_query=-17.570 kl=0.0115
[iter 298] loss=0.006 rew_support=-17.566 rew_query=-17.566 kl=0.0089
[iter 299] loss=0.003 rew_support=-17.669 rew_query=-17.669 kl=0.0084
[iter 300] loss=0.004 rew_support=-17.675 rew_query=-17.675 kl=0.0079
Checkpoint saved to checkpoints/run_20260106_162045/checkpoint_300.pt
[iter 301] loss=0.004 rew_support=-17.542 rew_query=-17.542 kl=0.0092
[iter 302] loss=0.003 rew_support=-17.527 rew_query=-17.527 kl=0.0084
[iter 303] loss=0.006 rew_support=-17.580 rew_query=-17.580 kl=0.0131
[iter 304] loss=0.004 rew_support=-17.575 rew_query=-17.575 kl=0.0074
